<?xml version="1.0" encoding="UTF-8"?>
<!-- Generated by org.testng.reporters.JUnitXMLReporter -->
<testsuite ignored="18" hostname="DESKTOP-S42SFQ5" failures="0" tests="1" name="Default test" time="37.338" errors="0" timestamp="2023-11-29T11:43:15 EST">
  <testcase classname="pagesTest.HomePageTest" name="use_of_navigate_method" time="29.808"/>
  <testcase classname="pagesTest.HomePageTest" name="use_of_getText_method_in_login_button" time="0.0">
    <ignored/>
  </testcase> <!-- use_of_getText_method_in_login_button -->
  <testcase classname="pagesTest.HomePageTest" name="use_of_sendKeys_method_then_clear" time="0.0">
    <ignored/>
  </testcase> <!-- use_of_sendKeys_method_then_clear -->
  <testcase classname="pagesTest.HomePageTest" name="clickContinueSavedQouteTest" time="0.0">
    <ignored/>
  </testcase> <!-- clickContinueSavedQouteTest -->
  <testcase classname="pagesTest.HomePageTest" name="clickInsuranceTypeTest" time="0.0">
    <ignored/>
  </testcase> <!-- clickInsuranceTypeTest -->
  <testcase classname="pagesTest.HomePageTest" name="clickLogoTest" time="0.0">
    <ignored/>
  </testcase> <!-- clickLogoTest -->
  <testcase classname="pagesTest.HomePageTest" name="use_of_getAttribute_method" time="0.0">
    <ignored/>
  </testcase> <!-- use_of_getAttribute_method -->
  <testcase classname="pagesTest.HomePageTest" name="use_of_getTitle_method_in_homePage" time="0.0">
    <ignored/>
  </testcase> <!-- use_of_getTitle_method_in_homePage -->
  <testcase classname="pagesTest.HomePageTest" name="use_of_getCurrentUrl_method_login_button" time="0.0">
    <ignored/>
  </testcase> <!-- use_of_getCurrentUrl_method_login_button -->
  <testcase classname="pagesTest.HomePageTest" name="inputZipCodeTest" time="0.0">
    <ignored/>
  </testcase> <!-- inputZipCodeTest -->
  <testcase classname="pagesTest.HomePageTest" name="read_table" time="0.0">
    <ignored/>
  </testcase> <!-- read_table -->
  <testcase classname="pagesTest.HomePageTest" name="clickAnnouncementTest" time="0.0">
    <ignored/>
  </testcase> <!-- clickAnnouncementTest -->
  <testcase classname="pagesTest.HomePageTest" name="use_of_isSelected_in_check_box" time="0.0">
    <ignored/>
  </testcase> <!-- use_of_isSelected_in_check_box -->
  <testcase classname="pagesTest.HomePageTest" name="inputTextInUserIdAndPasswordFieldThenClickLoginButtonTest" time="0.0">
    <ignored/>
  </testcase> <!-- inputTextInUserIdAndPasswordFieldThenClickLoginButtonTest -->
  <testcase classname="pagesTest.HomePageTest" name="clickMenuTest" time="0.0">
    <ignored/>
  </testcase> <!-- clickMenuTest -->
  <testcase classname="pagesTest.HomePageTest" name="use_of_isDisplayed_in_logo_image" time="0.0">
    <ignored/>
  </testcase> <!-- use_of_isDisplayed_in_logo_image -->
  <testcase classname="pagesTest.HomePageTest" name="use_of_sendKeys_method_then_click_by_enter_key_of_the_laptop" time="0.0">
    <ignored/>
  </testcase> <!-- use_of_sendKeys_method_then_click_by_enter_key_of_the_laptop -->
  <testcase classname="pagesTest.HomePageTest" name="use_of_isEnabled_in_login_button" time="0.0">
    <ignored/>
  </testcase> <!-- use_of_isEnabled_in_login_button -->
  <testcase classname="pagesTest.HomePageTest" name="use_of_sendKeys_method_then_click_by_return_key_of_the_laptop" time="0.0">
    <ignored/>
  </testcase> <!-- use_of_sendKeys_method_then_click_by_return_key_of_the_laptop -->
</testsuite> <!-- Default test -->
