<?xml version="1.0" encoding="UTF-8"?>
<!-- Generated by org.testng.reporters.JUnitXMLReporter -->
<testsuite ignored="5" hostname="DESKTOP-S42SFQ5" failures="0" tests="1" name="Default test" time="18.617" errors="0" timestamp="2023-11-13T15:11:07 EST">
  <testcase classname="pagesTest.HomePageTest" name="inputZipCodeTest" time="10.604"/>
  <testcase classname="pagesTest.HomePageTest" name="clickMenuTest" time="0.0">
    <ignored/>
  </testcase> <!-- clickMenuTest -->
  <testcase classname="pagesTest.HomePageTest" name="clickLoginTest" time="0.0">
    <ignored/>
  </testcase> <!-- clickLoginTest -->
  <testcase classname="pagesTest.HomePageTest" name="clickAnnouncementTest" time="0.0">
    <ignored/>
  </testcase> <!-- clickAnnouncementTest -->
  <testcase classname="pagesTest.HomePageTest" name="clickLogoTest" time="0.0">
    <ignored/>
  </testcase> <!-- clickLogoTest -->
  <testcase classname="pagesTest.HomePageTest" name="clickZipCodeTest" time="0.0">
    <ignored/>
  </testcase> <!-- clickZipCodeTest -->
</testsuite> <!-- Default test -->
