<?xml version="1.0" encoding="UTF-8"?>
<testng-results ignored="0" total="1" passed="1" failed="0" skipped="0">
  <reporter-output>
  </reporter-output>
  <suite started-at="2023-11-13T15:10:48 EST" name="Default suite" finished-at="2023-11-13T15:11:07 EST" duration-ms="18617">
    <groups>
    </groups>
    <test started-at="2023-11-13T15:10:48 EST" name="Default test" finished-at="2023-11-13T15:11:07 EST" duration-ms="18617">
      <class name="pagesTest.HomePageTest">
        <test-method is-config="true" signature="setUp()[pri:0, instance:pagesTest.HomePageTest@2892d68]" started-at="2023-11-13T15:10:49 EST" name="setUp" finished-at="2023-11-13T15:10:56 EST" duration-ms="7481" status="PASS">
          <reporter-output>
          </reporter-output>
        </test-method> <!-- setUp -->
        <test-method signature="inputZipCodeTest()[pri:0, instance:pagesTest.HomePageTest@2892d68]" started-at="2023-11-13T15:10:56 EST" name="inputZipCodeTest" finished-at="2023-11-13T15:11:07 EST" duration-ms="10604" status="PASS">
          <reporter-output>
          </reporter-output>
        </test-method> <!-- inputZipCodeTest -->
        <test-method is-config="true" signature="tearUp()[pri:0, instance:pagesTest.HomePageTest@2892d68]" started-at="2023-11-13T15:11:07 EST" name="tearUp" finished-at="2023-11-13T15:11:07 EST" duration-ms="461" status="PASS">
          <reporter-output>
          </reporter-output>
        </test-method> <!-- tearUp -->
      </class> <!-- pagesTest.HomePageTest -->
    </test> <!-- Default test -->
  </suite> <!-- Default suite -->
</testng-results>
