<?xml version="1.0" encoding="UTF-8"?>
<testng-results ignored="0" total="1" passed="1" failed="0" skipped="0">
  <reporter-output>
  </reporter-output>
  <suite started-at="2023-11-20T20:01:43 EST" name="Default suite" finished-at="2023-11-20T20:01:54 EST" duration-ms="11172">
    <groups>
    </groups>
    <test started-at="2023-11-20T20:01:43 EST" name="Default test" finished-at="2023-11-20T20:01:54 EST" duration-ms="11172">
      <class name="pagesTest.HomePageTest">
        <test-method is-config="true" signature="setUp()[pri:0, instance:pagesTest.HomePageTest@f0c8a99]" started-at="2023-11-20T20:01:43 EST" name="setUp" finished-at="2023-11-20T20:01:50 EST" duration-ms="7048" status="PASS">
          <reporter-output>
          </reporter-output>
        </test-method> <!-- setUp -->
        <test-method signature="use_of_isSelected_in_check_box()[pri:0, instance:pagesTest.HomePageTest@f0c8a99]" started-at="2023-11-20T20:01:50 EST" name="use_of_isSelected_in_check_box" finished-at="2023-11-20T20:01:53 EST" duration-ms="3610" status="PASS">
          <reporter-output>
          </reporter-output>
        </test-method> <!-- use_of_isSelected_in_check_box -->
        <test-method is-config="true" signature="tearUp()[pri:0, instance:pagesTest.HomePageTest@f0c8a99]" started-at="2023-11-20T20:01:53 EST" name="tearUp" finished-at="2023-11-20T20:01:54 EST" duration-ms="448" status="PASS">
          <reporter-output>
          </reporter-output>
        </test-method> <!-- tearUp -->
      </class> <!-- pagesTest.HomePageTest -->
    </test> <!-- Default test -->
  </suite> <!-- Default suite -->
</testng-results>
